<?xml version="1.0" encoding="UTF-8"?>
<testng-results skipped="0" failed="0" ignored="0" total="1" passed="1">
  <reporter-output>
    <line>
      <![CDATA[点击登录链接]]>
    </line>
    <line>
      <![CDATA[输入用户名]]>
    </line>
    <line>
      <![CDATA[输入密码]]>
    </line>
    <line>
      <![CDATA[点击登录]]>
    </line>
  </reporter-output>
  <suite name="Default Suite" duration-ms="7795" started-at="2019-02-21T15:29:18Z" finished-at="2019-02-21T15:29:26Z">
    <groups>
    </groups>
    <test name="seleniumDemo" duration-ms="7795" started-at="2019-02-21T15:29:18Z" finished-at="2019-02-21T15:29:26Z">
      <class name="com.liuzhe.testdemo.LoginTest">
        <test-method status="PASS" signature="setup()[pri:0, instance:com.liuzhe.testdemo.LoginTest@511baa65]" name="setup" is-config="true" duration-ms="3193" started-at="2019-02-21T15:29:18Z" finished-at="2019-02-21T15:29:22Z">
          <reporter-output>
          </reporter-output>
        </test-method> <!-- setup -->
        <test-method status="PASS" signature="test()[pri:0, instance:com.liuzhe.testdemo.LoginTest@511baa65]" name="test" duration-ms="4443" started-at="2019-02-21T15:29:22Z" finished-at="2019-02-21T15:29:26Z">
          <reporter-output>
            <line>
              <![CDATA[点击登录链接]]>
            </line>
            <line>
              <![CDATA[输入用户名]]>
            </line>
            <line>
              <![CDATA[输入密码]]>
            </line>
            <line>
              <![CDATA[点击登录]]>
            </line>
          </reporter-output>
        </test-method> <!-- test -->
        <test-method status="PASS" signature="teardown()[pri:0, instance:com.liuzhe.testdemo.LoginTest@511baa65]" name="teardown" is-config="true" duration-ms="105" started-at="2019-02-21T15:29:26Z" finished-at="2019-02-21T15:29:26Z">
          <reporter-output>
          </reporter-output>
        </test-method> <!-- teardown -->
      </class> <!-- com.liuzhe.testdemo.LoginTest -->
    </test> <!-- seleniumDemo -->
  </suite> <!-- Default Suite -->
</testng-results>
