<?xml version="1.0" encoding="UTF-8"?>
<testng-results skipped="0" failed="0" ignored="0" total="1" passed="1">
  <reporter-output>
    <line>
      <![CDATA[点击登录链接]]>
    </line>
    <line>
      <![CDATA[输入用户名]]>
    </line>
    <line>
      <![CDATA[输入密码]]>
    </line>
    <line>
      <![CDATA[点击登录]]>
    </line>
  </reporter-output>
  <suite name="Default Suite" duration-ms="5858" started-at="2019-02-21T14:50:06Z" finished-at="2019-02-21T14:50:12Z">
    <groups>
    </groups>
    <test name="seleniumDemo" duration-ms="5858" started-at="2019-02-21T14:50:06Z" finished-at="2019-02-21T14:50:12Z">
      <class name="LoginTest">
        <test-method status="PASS" signature="setup()[pri:0, instance:LoginTest@511baa65]" name="setup" is-config="true" duration-ms="2657" started-at="2019-02-21T14:50:06Z" finished-at="2019-02-21T14:50:08Z">
          <reporter-output>
          </reporter-output>
        </test-method> <!-- setup -->
        <test-method status="PASS" signature="test()[pri:0, instance:LoginTest@511baa65]" name="test" duration-ms="2993" started-at="2019-02-21T14:50:08Z" finished-at="2019-02-21T14:50:11Z">
          <reporter-output>
            <line>
              <![CDATA[点击登录链接]]>
            </line>
            <line>
              <![CDATA[输入用户名]]>
            </line>
            <line>
              <![CDATA[输入密码]]>
            </line>
            <line>
              <![CDATA[点击登录]]>
            </line>
          </reporter-output>
        </test-method> <!-- test -->
        <test-method status="PASS" signature="teardown()[pri:0, instance:LoginTest@511baa65]" name="teardown" is-config="true" duration-ms="171" started-at="2019-02-21T14:50:11Z" finished-at="2019-02-21T14:50:12Z">
          <reporter-output>
          </reporter-output>
        </test-method> <!-- teardown -->
      </class> <!-- LoginTest -->
    </test> <!-- seleniumDemo -->
  </suite> <!-- Default Suite -->
</testng-results>
